<?xml version="1.0" encoding="UTF-8"?>
<testsuite xmlns:xsi="http://www.w3.org/2001/XMLSchema-instance" xsi:noNamespaceSchemaLocation="https://maven.apache.org/surefire/maven-surefire-plugin/xsd/surefire-test-report-3.0.xsd" version="3.0" name="eql.RunnerSoapUI_parameteredTest" time="1.458" tests="4" errors="0" skipped="0" failures="0">
  <properties>
[...]
</properties>
  <testcase name="testSoapUITestCaseTest[TestCase 1]" classname="eql.RunnerSoapUI_parameteredTest" time="0.697">
    <system-out><![CDATA[Nom du cas de test SoapUI : TestCase 1
20:43:04,282 INFO  [WsdlProject] Loaded project from [file:/C:/Users/formation/Documents/SquashTA-1.10.0-RELEASE-workspace/SoapMethodeSimple/src/test/resources/NOAA2-soapui-project.xml]
20:43:04,284 DEBUG [HttpClientSupport$SoapUIHttpClient] Stale connection check
20:43:04,287 DEBUG [HttpClientSupport$SoapUIHttpClient] Attempt 1 to execute request
20:43:04,287 DEBUG [SoapUIMultiThreadedHttpConnectionManager$SoapUIDefaultClientConnection] Sending request: POST /xml/SOAP_server/ndfdXMLserver.php HTTP/1.1
20:43:04,529 DEBUG [SoapUIMultiThreadedHttpConnectionManager$SoapUIDefaultClientConnection] Receiving response: HTTP/1.1 200 OK
20:43:04,529 DEBUG [HttpClientSupport$SoapUIHttpClient] Connection can be kept alive indefinitely
20:43:04,533 WARN  [AbstractSoapVersion] Ignoring validation error: error: cvc-complex-type.3.2.2: Attribute not allowed: encodingStyle@http://schemas.xmlsoap.org/soap/envelope/ in element Envelope@http://schemas.xmlsoap.org/soap/envelope/
20:43:04,534 DEBUG [HttpClientSupport$SoapUIHttpClient] Stale connection check
20:43:04,536 DEBUG [HttpClientSupport$SoapUIHttpClient] Attempt 1 to execute request
20:43:04,536 DEBUG [SoapUIMultiThreadedHttpConnectionManager$SoapUIDefaultClientConnection] Sending request: POST /xml/SOAP_server/ndfdXMLserver.php HTTP/1.1
20:43:04,774 DEBUG [SoapUIMultiThreadedHttpConnectionManager$SoapUIDefaultClientConnection] Receiving response: HTTP/1.1 200 OK
20:43:04,775 DEBUG [HttpClientSupport$SoapUIHttpClient] Connection can be kept alive indefinitely
20:43:04,777 WARN  [AbstractSoapVersion] Ignoring validation error: error: cvc-complex-type.3.2.2: Attribute not allowed: encodingStyle@http://schemas.xmlsoap.org/soap/envelope/ in element Envelope@http://schemas.xmlsoap.org/soap/envelope/
20:43:04,779 DEBUG [HttpClientSupport$SoapUIHttpClient] Stale connection check
20:43:04,781 DEBUG [HttpClientSupport$SoapUIHttpClient] Attempt 1 to execute request
20:43:04,781 DEBUG [SoapUIMultiThreadedHttpConnectionManager$SoapUIDefaultClientConnection] Sending request: POST /xml/SOAP_server/ndfdXMLserver.php HTTP/1.1
20:43:04,987 DEBUG [SoapUIMultiThreadedHttpConnectionManager$SoapUIDefaultClientConnection] Receiving response: HTTP/1.1 200 OK
20:43:04,987 DEBUG [HttpClientSupport$SoapUIHttpClient] Connection can be kept alive indefinitely
20:43:04,993 WARN  [AbstractSoapVersion] Ignoring validation error: error: cvc-complex-type.3.2.2: Attribute not allowed: encodingStyle@http://schemas.xmlsoap.org/soap/envelope/ in element Envelope@http://schemas.xmlsoap.org/soap/envelope/
cas de test soapUI terminé ('com.eviware.soapui.impl.wsdl.WsdlTestSuite@edb83f8':'TestCase 1') : FINISHED
cas de test soapUI terminé ('com.eviware.soapui.impl.wsdl.WsdlTestSuite@8b41ad':'TestCase 1') : FINISHED
]]></system-out>
    <system-err><![CDATA[runner soapUI, le cas de test est null : TestCase 1
]]></system-err>
  </testcase>
  <testcase name="testSoapUITestCaseTest[LatLonListCityName]" classname="eql.RunnerSoapUI_parameteredTest" time="0.169">
    <system-out><![CDATA[Nom du cas de test SoapUI : LatLonListCityName
20:43:05,004 INFO  [WsdlProject] Loaded project from [file:/C:/Users/formation/Documents/SquashTA-1.10.0-RELEASE-workspace/SoapMethodeSimple/src/test/resources/NOAA2-soapui-project.xml]
cas de test soapUI terminé ('com.eviware.soapui.impl.wsdl.WsdlTestSuite@78479f2b':'LatLonListCityName') : INITIALIZED
20:43:05,006 DEBUG [HttpClientSupport$SoapUIHttpClient] Stale connection check
20:43:05,007 DEBUG [HttpClientSupport$SoapUIHttpClient] Attempt 1 to execute request
20:43:05,007 DEBUG [SoapUIMultiThreadedHttpConnectionManager$SoapUIDefaultClientConnection] Sending request: POST /xml/SOAP_server/ndfdXMLserver.php HTTP/1.1
20:43:05,150 DEBUG [SoapUIMultiThreadedHttpConnectionManager$SoapUIDefaultClientConnection] Receiving response: HTTP/1.1 200 OK
20:43:05,151 DEBUG [HttpClientSupport$SoapUIHttpClient] Connection can be kept alive indefinitely
20:43:05,160 WARN  [AbstractSoapVersion] Ignoring validation error: error: cvc-complex-type.3.2.2: Attribute not allowed: encodingStyle@http://schemas.xmlsoap.org/soap/envelope/ in element Envelope@http://schemas.xmlsoap.org/soap/envelope/
cas de test soapUI terminé ('com.eviware.soapui.impl.wsdl.WsdlTestSuite@45b7c97f':'LatLonListCityName') : FINISHED
]]></system-out>
    <system-err><![CDATA[runner soapUI, le cas de test est null : LatLonListCityName
]]></system-err>
  </testcase>
  <testcase name="testSoapUITestCaseTest[LatLonListLine]" classname="eql.RunnerSoapUI_parameteredTest" time="0.397">
    <system-out><![CDATA[Nom du cas de test SoapUI : LatLonListLine
20:43:05,180 INFO  [WsdlProject] Loaded project from [file:/C:/Users/formation/Documents/SquashTA-1.10.0-RELEASE-workspace/SoapMethodeSimple/src/test/resources/NOAA2-soapui-project.xml]
cas de test soapUI terminé ('com.eviware.soapui.impl.wsdl.WsdlTestSuite@72fb989b':'LatLonListLine') : INITIALIZED
20:43:05,183 DEBUG [HttpClientSupport$SoapUIHttpClient] Stale connection check
20:43:05,185 DEBUG [HttpClientSupport$SoapUIHttpClient] Attempt 1 to execute request
20:43:05,185 DEBUG [SoapUIMultiThreadedHttpConnectionManager$SoapUIDefaultClientConnection] Sending request: POST /xml/SOAP_server/ndfdXMLserver.php HTTP/1.1
20:43:05,383 DEBUG [SoapUIMultiThreadedHttpConnectionManager$SoapUIDefaultClientConnection] Receiving response: HTTP/1.1 200 OK
20:43:05,383 DEBUG [HttpClientSupport$SoapUIHttpClient] Connection can be kept alive indefinitely
20:43:05,388 WARN  [AbstractSoapVersion] Ignoring validation error: error: cvc-complex-type.3.2.2: Attribute not allowed: encodingStyle@http://schemas.xmlsoap.org/soap/envelope/ in element Envelope@http://schemas.xmlsoap.org/soap/envelope/
20:43:05,390 DEBUG [HttpClientSupport$SoapUIHttpClient] Stale connection check
20:43:05,393 DEBUG [HttpClientSupport$SoapUIHttpClient] Attempt 1 to execute request
20:43:05,393 DEBUG [SoapUIMultiThreadedHttpConnectionManager$SoapUIDefaultClientConnection] Sending request: POST /xml/SOAP_server/ndfdXMLserver.php HTTP/1.1
20:43:05,556 DEBUG [SoapUIMultiThreadedHttpConnectionManager$SoapUIDefaultClientConnection] Receiving response: HTTP/1.1 500 Internal Server Error
20:43:05,557 DEBUG [SoapUIMultiThreadedHttpConnectionManager$SoapUIDefaultClientConnection] Connection shut down
20:43:05,560 WARN  [AbstractSoapVersion] Ignoring validation error: error: cvc-complex-type.3.2.2: Attribute not allowed: encodingStyle@http://schemas.xmlsoap.org/soap/envelope/ in element Envelope@http://schemas.xmlsoap.org/soap/envelope/
cas de test soapUI terminé ('com.eviware.soapui.impl.wsdl.WsdlTestSuite@5599b5bb':'LatLonListLine') : FINISHED
]]></system-out>
    <system-err><![CDATA[runner soapUI, le cas de test est null : LatLonListLine
]]></system-err>
  </testcase>
  <testcase name="testSoapUITestCaseTest[LatLonListSquare]" classname="eql.RunnerSoapUI_parameteredTest" time="0.189">
    <system-out><![CDATA[Nom du cas de test SoapUI : LatLonListSquare
20:43:05,569 INFO  [WsdlProject] Loaded project from [file:/C:/Users/formation/Documents/SquashTA-1.10.0-RELEASE-workspace/SoapMethodeSimple/src/test/resources/NOAA2-soapui-project.xml]
cas de test soapUI terminé ('com.eviware.soapui.impl.wsdl.WsdlTestSuite@496cedbb':'LatLonListSquare') : INITIALIZED
20:43:05,577 DEBUG [HttpClientSupport$SoapUIHttpClient] Attempt 1 to execute request
20:43:05,577 DEBUG [SoapUIMultiThreadedHttpConnectionManager$SoapUIDefaultClientConnection] Sending request: POST /xml/SOAP_server/ndfdXMLserver.php HTTP/1.1
20:43:05,747 DEBUG [SoapUIMultiThreadedHttpConnectionManager$SoapUIDefaultClientConnection] Receiving response: HTTP/1.1 200 OK
20:43:05,747 DEBUG [HttpClientSupport$SoapUIHttpClient] Connection can be kept alive indefinitely
20:43:05,750 WARN  [AbstractSoapVersion] Ignoring validation error: error: cvc-complex-type.3.2.2: Attribute not allowed: encodingStyle@http://schemas.xmlsoap.org/soap/envelope/ in element Envelope@http://schemas.xmlsoap.org/soap/envelope/
cas de test soapUI terminé ('com.eviware.soapui.impl.wsdl.WsdlTestSuite@2cbe455c':'LatLonListSquare') : FINISHED
]]></system-out>
    <system-err><![CDATA[runner soapUI, le cas de test est null : LatLonListSquare
]]></system-err>
  </testcase>
</testsuite>